25 175 190 125 75 33 34 36 41 54 65 87 99 108 110 116 164 167 168 179 180 184 216 221 234 275 
5 130 169 188 92 249 
3 183 257 95 
4 132 52 236 134 
3 165 185 85 
4 149 163 19 212 
3 2 58 103 
3 274 268 113 
3 278 140 232 
5 173 191 64 244 88 
4 211 23 230 286 
2 151 159 
3 77 241 290 
2 247 213 
2 9 50 
3 153 209 260 
3 84 295 193 
3 123 86 68 
3 189 117 284 
2 208 281 
1 49 
3 69 204 127 
3 194 178 56 
2 94 156 
1 293 
3 240 46 271 
3 272 32 133 
2 135 18 
3 233 47 276 
2 37 14 
3 186 1 246 
3 270 114 161 
2 143 225 
2 206 181 
2 229 111 
3 256 239 57 
4 231 279 28 107 
2 97 39 
4 30 251 26 121 
2 262 198 
3 228 297 74 
4 215 61 128 105 
3 120 3 214 
2 126 129 
3 252 287 299 
3 288 261 72 
3 100 48 294 
3 66 147 82 
2 154 40 
4 17 22 222 174 
3 176 141 296 
3 43 263 210 
4 192 280 29 203 
3 71 298 144 
2 142 224 
2 59 83 
3 67 157 4 
3 182 155 136 
4 145 223 24 7 
3 152 53 226 
2 104 245 
3 55 264 38 
3 115 109 73 
3 250 289 150 
4 266 20 172 60 
2 12 218 
3 78 197 148 
2 106 277 
3 51 207 187 
2 242 15 
3 196 138 259 
2 265 171 
3 238 292 63 
3 35 27 91 
2 255 131 
3 31 254 21 
3 45 237 217 
4 248 177 166 80 
2 199 42 
2 139 10 
2 219 62 
2 112 273 
3 124 158 162 
2 98 258 
3 291 89 0 
2 205 137 
4 5 195 267 220 
2 201 243 
2 16 13 
3 118 160 285 
2 81 79 
4 93 6 253 102 
2 119 200 
3 235 170 8 
3 283 269 96 
3 70 202 227 
2 101 11 
2 25 44 
3 90 122 146 
2 76 282 
